c:\users\testi\onedrive\desktop\testenv\silentforge\loader\release\vc142.pdb
c:\users\testi\onedrive\desktop\testenv\silentforge\loader\release\ctaes.obj
c:\users\testi\onedrive\desktop\testenv\silentforge\loader\release\decompress.obj
c:\users\testi\onedrive\desktop\testenv\silentforge\loader\release\hellshelldecode.obj
c:\users\testi\onedrive\desktop\testenv\silentforge\loader\release\aescrypt.obj
c:\users\testi\onedrive\desktop\testenv\silentforge\loader\release\tamperedsyscalls.obj
c:\users\testi\onedrive\desktop\testenv\silentforge\loader\release\apiresolve.obj
c:\users\testi\onedrive\desktop\testenv\silentforge\loader\release\pebmasquerade.obj
c:\users\testi\onedrive\desktop\testenv\silentforge\loader\release\antidebug.obj
c:\users\testi\onedrive\desktop\testenv\silentforge\loader\release\main.obj
c:\users\testi\onedrive\desktop\testenv\silentforge\build\release\loader.exe
c:\users\testi\onedrive\desktop\testenv\silentforge\loader\release\loader.ipdb
c:\users\testi\onedrive\desktop\testenv\silentforge\loader\release\loader.iobj
c:\users\testi\onedrive\desktop\testenv\silentforge\build\release\loader.pdb
c:\users\testi\onedrive\desktop\testenv\silentforge\loader\release\resource.res
c:\users\testi\onedrive\desktop\testenv\silentforge\loader\release\loader.tlog\cl.command.1.tlog
c:\users\testi\onedrive\desktop\testenv\silentforge\loader\release\loader.tlog\cl.read.1.tlog
c:\users\testi\onedrive\desktop\testenv\silentforge\loader\release\loader.tlog\cl.write.1.tlog
c:\users\testi\onedrive\desktop\testenv\silentforge\loader\release\loader.tlog\link.command.1.tlog
c:\users\testi\onedrive\desktop\testenv\silentforge\loader\release\loader.tlog\link.read.1.tlog
c:\users\testi\onedrive\desktop\testenv\silentforge\loader\release\loader.tlog\link.write.1.tlog
c:\users\testi\onedrive\desktop\testenv\silentforge\loader\release\loader.tlog\rc.command.1.tlog
c:\users\testi\onedrive\desktop\testenv\silentforge\loader\release\loader.tlog\rc.read.1.tlog
c:\users\testi\onedrive\desktop\testenv\silentforge\loader\release\loader.tlog\rc.write.1.tlog
